<?xml version="1.0" encoding="UTF-8"?>
<testng-results skipped="0" failed="0" total="2" passed="2">
  <reporter-output>
  </reporter-output>
  <suite name="Cucumber Framework" duration-ms="78999" started-at="2018-12-22T20:58:35Z" finished-at="2018-12-22T20:59:54Z">
    <groups>
      <group name="cucumber">
        <method signature="AbstractTestNGCucumberTests.feature(cucumber.api.testng.CucumberFeatureWrapper)[pri:0, instance:runner.MainRunner2@59494225]" name="feature" class="cucumber.api.testng.AbstractTestNGCucumberTests"/>
        <method signature="AbstractTestNGCucumberTests.feature(cucumber.api.testng.CucumberFeatureWrapper)[pri:0, instance:runner.MainRunner@6e06451e]" name="feature" class="cucumber.api.testng.AbstractTestNGCucumberTests"/>
      </group> <!-- cucumber -->
    </groups>
    <test name="Cucumber Tests" duration-ms="78999" started-at="2018-12-22T20:58:35Z" finished-at="2018-12-22T20:59:54Z">
      <class name="runner.MainRunner2">
        <test-method status="PASS" signature="setUpClass()[pri:0, instance:runner.MainRunner2@59494225]" name="setUpClass" is-config="true" duration-ms="67" started-at="2018-12-22T20:59:20Z" finished-at="2018-12-22T20:59:20Z">
          <reporter-output>
          </reporter-output>
        </test-method> <!-- setUpClass -->
        <test-method status="PASS" signature="feature(cucumber.api.testng.CucumberFeatureWrapper)[pri:0, instance:runner.MainRunner2@59494225]" name="feature" duration-ms="33184" started-at="2018-12-22T20:59:20Z" description="Runs Cucumber Feature" data-provider="features" finished-at="2018-12-22T20:59:53Z">
          <params>
            <param index="0">
              <value>
                <![CDATA[Login Portal]]>
              </value>
            </param>
          </params>
          <reporter-output>
          </reporter-output>
        </test-method> <!-- feature -->
        <test-method status="PASS" signature="tearDownClass()[pri:0, instance:runner.MainRunner2@59494225]" name="tearDownClass" is-config="true" duration-ms="635" started-at="2018-12-22T20:59:53Z" finished-at="2018-12-22T20:59:54Z">
          <reporter-output>
          </reporter-output>
        </test-method> <!-- tearDownClass -->
      </class> <!-- runner.MainRunner2 -->
      <class name="runner.MainRunner">
        <test-method status="PASS" signature="setUpClass()[pri:0, instance:runner.MainRunner@6e06451e]" name="setUpClass" is-config="true" duration-ms="1189" started-at="2018-12-22T20:58:35Z" finished-at="2018-12-22T20:58:36Z">
          <reporter-output>
          </reporter-output>
        </test-method> <!-- setUpClass -->
        <test-method status="PASS" signature="feature(cucumber.api.testng.CucumberFeatureWrapper)[pri:0, instance:runner.MainRunner@6e06451e]" name="feature" duration-ms="41634" started-at="2018-12-22T20:58:36Z" description="Runs Cucumber Feature" data-provider="features" finished-at="2018-12-22T20:59:18Z">
          <params>
            <param index="0">
              <value>
                <![CDATA[Login Portal]]>
              </value>
            </param>
          </params>
          <reporter-output>
          </reporter-output>
        </test-method> <!-- feature -->
        <test-method status="PASS" signature="tearDownClass()[pri:0, instance:runner.MainRunner@6e06451e]" name="tearDownClass" is-config="true" duration-ms="1637" started-at="2018-12-22T20:59:18Z" finished-at="2018-12-22T20:59:20Z">
          <reporter-output>
          </reporter-output>
        </test-method> <!-- tearDownClass -->
      </class> <!-- runner.MainRunner -->
    </test> <!-- Cucumber Tests -->
  </suite> <!-- Cucumber Framework -->
</testng-results>
